C:\USERS\BEN\DESKTOP\HONOURS PROJECT\HONOURS PROJECT\DEBUG\ASSETLOADER.OBJ
C:\USERS\BEN\DESKTOP\HONOURS PROJECT\HONOURS PROJECT\DEBUG\ASSETMANAGER.OBJ
C:\USERS\BEN\DESKTOP\HONOURS PROJECT\HONOURS PROJECT\DEBUG\CAMERA.OBJ
C:\USERS\BEN\DESKTOP\HONOURS PROJECT\HONOURS PROJECT\DEBUG\FRAMEBUFFER.OBJ
C:\USERS\BEN\DESKTOP\HONOURS PROJECT\HONOURS PROJECT\DEBUG\GAME.OBJ
C:\USERS\BEN\DESKTOP\HONOURS PROJECT\HONOURS PROJECT\DEBUG\INPUTMANAGER.OBJ
C:\USERS\BEN\DESKTOP\HONOURS PROJECT\HONOURS PROJECT\DEBUG\MAIN.OBJ
C:\USERS\BEN\DESKTOP\HONOURS PROJECT\HONOURS PROJECT\DEBUG\MODEL.OBJ
C:\USERS\BEN\DESKTOP\HONOURS PROJECT\HONOURS PROJECT\DEBUG\SHADER.OBJ
C:\USERS\BEN\DESKTOP\HONOURS PROJECT\HONOURS PROJECT\DEBUG\TEXTURE.OBJ
C:\USERS\BEN\DESKTOP\HONOURS PROJECT\HONOURS PROJECT\DEBUG\VC110.PDB
C:\Users\Ben\Desktop\Honours Project\Honours Project\Debug\AssetLoader.obj
C:\Users\Ben\Desktop\Honours Project\Honours Project\Debug\AssetManager.obj
C:\Users\Ben\Desktop\Honours Project\Honours Project\Debug\Camera.obj
C:\Users\Ben\Desktop\Honours Project\Honours Project\Debug\FrameBuffer.obj
C:\Users\Ben\Desktop\Honours Project\Honours Project\Debug\game.obj
C:\Users\Ben\Desktop\Honours Project\Honours Project\Debug\InputManager.obj
C:\Users\Ben\Desktop\Honours Project\Honours Project\Debug\main.obj
C:\Users\Ben\Desktop\Honours Project\Honours Project\Debug\Model.obj
C:\Users\Ben\Desktop\Honours Project\Honours Project\Debug\Shader.obj
C:\Users\Ben\Desktop\Honours Project\Honours Project\Debug\Texture.obj
C:\Users\Ben\Desktop\Honours Project\Honours Project\Debug\cl.command.1.tlog
C:\Users\Ben\Desktop\Honours Project\Honours Project\Debug\CL.read.1.tlog
C:\Users\Ben\Desktop\Honours Project\Honours Project\Debug\CL.write.1.tlog
C:\Users\Ben\Desktop\Honours Project\Honours Project\Debug\link-cvtres.read.1.tlog
C:\Users\Ben\Desktop\Honours Project\Honours Project\Debug\link-cvtres.write.1.tlog
C:\Users\Ben\Desktop\Honours Project\Honours Project\Debug\link-rc.read.1.tlog
C:\Users\Ben\Desktop\Honours Project\Honours Project\Debug\link-rc.write.1.tlog
C:\Users\Ben\Desktop\Honours Project\Honours Project\Debug\link.command.1.tlog
C:\Users\Ben\Desktop\Honours Project\Honours Project\Debug\link.read.1.tlog
C:\Users\Ben\Desktop\Honours Project\Honours Project\Debug\link.write.1.tlog
C:\Users\Ben\Desktop\Honours Project\Honours Project\Debug\vc110.idb
C:\Users\Ben\Desktop\Honours Project\Honours Project\Debug\vc110.pdb
C:\Users\Ben\Desktop\Honours Project\Debug\Honours Project.pdb
