Build started 3/20/2015 12:08:33 AM.
     1>Project "C:\Users\Ben\Desktop\Honours Project\Honours Project\Honours Project.vcxproj" on node 2 (Build target(s)).
     1>ClCompile:
         C:\Program Files (x86)\Microsoft Visual Studio 11.0\VC\bin\CL.exe /c /I"C:\Program Files (x86)\Visual Leak Detector\include" /ZI /nologo /W3 /WX- /Od /Oy- /D _MBCS /Gm /EHsc /RTC1 /MTd /GS /fp:precise /Zc:wchar_t /Zc:forScope /Fo"Debug\\" /Fd"Debug\vc110.pdb" /Gd /TP /analyze- /errorReport:prompt DynamicBufferParticleSystem.cpp game.cpp main.cpp
         DynamicBufferParticleSystem.cpp
     1>c:\users\ben\desktop\honours project\honours project\utilities.h(25): warning C4293: '<<' : shift count negative or too big, undefined behavior
     1>c:\users\ben\desktop\honours project\honours project\framebuffer.h(27): warning C4018: '>=' : signed/unsigned mismatch
     1>c:\users\ben\desktop\honours project\honours project\dynamicbufferparticlesystem.cpp(75): warning C4244: 'argument' : conversion from 'long' to 'float', possible loss of data
     1>c:\users\ben\desktop\honours project\honours project\dynamicbufferparticlesystem.cpp(76): warning C4244: 'argument' : conversion from 'long' to 'float', possible loss of data
         Generating Code...
         Compiling...
         game.cpp
     1>c:\program files (x86)\microsoft visual studio 11.0\vc\include\math.h(631): warning C4005: 'M_PI' : macro redefinition
                 c:\users\ben\desktop\honours project\honours project\sdl2-2.0.3\include\sdl_stdinc.h(350) : see previous definition of 'M_PI'
     1>c:\users\ben\desktop\honours project\honours project\utilities.h(25): warning C4293: '<<' : shift count negative or too big, undefined behavior
     1>c:\users\ben\desktop\honours project\honours project\framebuffer.h(27): warning C4018: '>=' : signed/unsigned mismatch
     1>c:\users\ben\desktop\honours project\honours project\game.cpp(10): warning C4996: 'strncpy': This function or variable may be unsafe. Consider using strncpy_s instead. To disable deprecation, use _CRT_SECURE_NO_WARNINGS. See online help for details.
                 c:\program files (x86)\microsoft visual studio 11.0\vc\include\string.h(191) : see declaration of 'strncpy'
     1>c:\users\ben\desktop\honours project\honours project\game.cpp(26): warning C4244: '=' : conversion from 'double' to 'int', possible loss of data
     1>c:\users\ben\desktop\honours project\honours project\game.cpp(42): warning C4996: 'fopen': This function or variable may be unsafe. Consider using fopen_s instead. To disable deprecation, use _CRT_SECURE_NO_WARNINGS. See online help for details.
                 c:\program files (x86)\microsoft visual studio 11.0\vc\include\stdio.h(218) : see declaration of 'fopen'
     1>c:\users\ben\desktop\honours project\honours project\game.cpp(55): warning C4018: '<' : signed/unsigned mismatch
     1>c:\users\ben\desktop\honours project\honours project\game.cpp(84): warning C4244: 'initializing' : conversion from 'double' to 'float', possible loss of data
     1>c:\users\ben\desktop\honours project\honours project\game.cpp(384): warning C4244: 'argument' : conversion from 'double' to 'long', possible loss of data
     1>c:\users\ben\desktop\honours project\honours project\game.cpp(385): warning C4244: 'argument' : conversion from 'double' to 'long', possible loss of data
     1>c:\users\ben\desktop\honours project\honours project\game.cpp(534): warning C4305: 'argument' : truncation from 'double' to 'GLclampf'
     1>c:\users\ben\desktop\honours project\honours project\game.cpp(566): warning C4305: 'argument' : truncation from 'double' to 'GLclampf'
     1>c:\users\ben\desktop\honours project\honours project\game.cpp(670): warning C4244: 'argument' : conversion from 'int' to 'float', possible loss of data
         Generating Code...
         Skipping... (no relevant changes detected)
         main.cpp
       Link:
         C:\Program Files (x86)\Microsoft Visual Studio 11.0\VC\bin\link.exe /ERRORREPORT:PROMPT /OUT:"C:\Users\Ben\Desktop\Honours Project\Debug\Honours Project.exe" /INCREMENTAL /NOLOGO /LIBPATH:"C:\Program Files (x86)\Visual Leak Detector\lib\Win32" glew32.lib glu32.lib opengl32.lib "SDL2-2.0.3\lib\x86\SDL2.lib" "SDL2_ttf-2.0.12\lib\x86\SDL2_ttf.lib" kernel32.lib user32.lib gdi32.lib winspool.lib comdlg32.lib advapi32.lib shell32.lib ole32.lib oleaut32.lib uuid.lib odbc32.lib odbccp32.lib /MANIFEST /MANIFESTUAC:"level='asInvoker' uiAccess='false'" /manifest:embed /DEBUG /PDB:"C:\Users\Ben\Desktop\Honours Project\Debug\Honours Project.pdb" /TLBID:1 /DYNAMICBASE /NXCOMPAT /IMPLIB:"C:\Users\Ben\Desktop\Honours Project\Debug\Honours Project.lib" /MACHINE:X86 Debug\AssetLoader.obj
         Debug\AssetManager.obj
         Debug\Camera.obj
         Debug\DynamicBufferParticleSystem.obj
         Debug\FrameBuffer.obj
         Debug\game.obj
         Debug\InputManager.obj
         Debug\main.obj
         Debug\Model.obj
         Debug\ParticleSystem.obj
         Debug\Settings.obj
         Debug\Shader.obj
         Debug\StaticBufferParticleSystem.obj
         Debug\Texture.obj
         Honours Project.vcxproj -> C:\Users\Ben\Desktop\Honours Project\Debug\Honours Project.exe
     1>Done Building Project "C:\Users\Ben\Desktop\Honours Project\Honours Project\Honours Project.vcxproj" (Build target(s)).

Build succeeded.

Time Elapsed 00:00:10.39
