C:\USERS\BEN\DESKTOP\HONOURS PROJECT\HONOURS PROJECT\RELEASE\TEXTURE.OBJ
C:\USERS\BEN\DESKTOP\HONOURS PROJECT\HONOURS PROJECT\RELEASE\STATICBUFFERPARTICLESYSTEM.OBJ
C:\USERS\BEN\DESKTOP\HONOURS PROJECT\HONOURS PROJECT\RELEASE\SHADER.OBJ
C:\USERS\BEN\DESKTOP\HONOURS PROJECT\HONOURS PROJECT\RELEASE\SETTINGS.OBJ
C:\USERS\BEN\DESKTOP\HONOURS PROJECT\HONOURS PROJECT\RELEASE\PARTICLESYSTEM.OBJ
C:\USERS\BEN\DESKTOP\HONOURS PROJECT\HONOURS PROJECT\RELEASE\MODEL.OBJ
C:\USERS\BEN\DESKTOP\HONOURS PROJECT\HONOURS PROJECT\RELEASE\MAIN.OBJ
C:\USERS\BEN\DESKTOP\HONOURS PROJECT\HONOURS PROJECT\RELEASE\INPUTMANAGER.OBJ
C:\USERS\BEN\DESKTOP\HONOURS PROJECT\HONOURS PROJECT\RELEASE\GAME.OBJ
C:\USERS\BEN\DESKTOP\HONOURS PROJECT\HONOURS PROJECT\RELEASE\FRAMEBUFFER.OBJ
C:\USERS\BEN\DESKTOP\HONOURS PROJECT\HONOURS PROJECT\RELEASE\DYNAMICBUFFERPARTICLESYSTEM.OBJ
C:\USERS\BEN\DESKTOP\HONOURS PROJECT\HONOURS PROJECT\RELEASE\CAMERA.OBJ
C:\USERS\BEN\DESKTOP\HONOURS PROJECT\HONOURS PROJECT\RELEASE\ASSETMANAGER.OBJ
C:\USERS\BEN\DESKTOP\HONOURS PROJECT\HONOURS PROJECT\RELEASE\ASSETLOADER.OBJ
C:\USERS\BEN\DESKTOP\HONOURS PROJECT\HONOURS PROJECT\RELEASE\VC110.PDB
C:\USERS\BEN\DESKTOP\HONOURS PROJECT\RELEASE\HONOURS PROJECT.EXE
C:\USERS\BEN\DESKTOP\HONOURS PROJECT\RELEASE\HONOURS PROJECT.PDB
C:\Users\Ben\Desktop\Honours Project\Honours Project\Release\AssetLoader.obj
C:\Users\Ben\Desktop\Honours Project\Honours Project\Release\AssetManager.obj
C:\Users\Ben\Desktop\Honours Project\Honours Project\Release\Camera.obj
C:\Users\Ben\Desktop\Honours Project\Honours Project\Release\DynamicBufferParticleSystem.obj
C:\Users\Ben\Desktop\Honours Project\Honours Project\Release\FrameBuffer.obj
C:\Users\Ben\Desktop\Honours Project\Honours Project\Release\game.obj
C:\Users\Ben\Desktop\Honours Project\Honours Project\Release\InputManager.obj
C:\Users\Ben\Desktop\Honours Project\Honours Project\Release\main.obj
C:\Users\Ben\Desktop\Honours Project\Honours Project\Release\Model.obj
C:\Users\Ben\Desktop\Honours Project\Honours Project\Release\ParticleSystem.obj
C:\Users\Ben\Desktop\Honours Project\Honours Project\Release\Settings.obj
C:\Users\Ben\Desktop\Honours Project\Honours Project\Release\Shader.obj
C:\Users\Ben\Desktop\Honours Project\Honours Project\Release\StaticBufferParticleSystem.obj
C:\Users\Ben\Desktop\Honours Project\Honours Project\Release\Texture.obj
C:\Users\Ben\Desktop\Honours Project\Honours Project\Release\cl.command.1.tlog
C:\Users\Ben\Desktop\Honours Project\Honours Project\Release\CL.read.1.tlog
C:\Users\Ben\Desktop\Honours Project\Honours Project\Release\CL.write.1.tlog
C:\Users\Ben\Desktop\Honours Project\Honours Project\Release\link-cvtres.read.1.tlog
C:\Users\Ben\Desktop\Honours Project\Honours Project\Release\link-cvtres.write.1.tlog
C:\Users\Ben\Desktop\Honours Project\Honours Project\Release\link-rc.read.1.tlog
C:\Users\Ben\Desktop\Honours Project\Honours Project\Release\link-rc.write.1.tlog
C:\Users\Ben\Desktop\Honours Project\Honours Project\Release\link.command.1.tlog
C:\Users\Ben\Desktop\Honours Project\Honours Project\Release\link.read.1.tlog
C:\Users\Ben\Desktop\Honours Project\Honours Project\Release\link.write.1.tlog
C:\Users\Ben\Desktop\Honours Project\Honours Project\Release\vc110.pdb
C:\Users\Ben\Desktop\Honours Project\Release\Honours Project.pdb
